<?xml version="1.0" encoding="UTF-8"?>
<!-- Generated by org.testng.reporters.JUnitReportReporter -->
<testsuite skipped="0" hostname="DESKTOP-9C4BDL8" name="com.oranges.test.LoginTests" tests="1" failures="0" timestamp="17 Dec 2019 08:37:56 GMT" time="8.722" errors="0">
  <testcase name="validLogin" time="8.722" classname="com.oranges.test.LoginTests"/>
</testsuite> <!-- com.oranges.test.LoginTests -->
